Analysis & Synthesis report for drummer
Mon Dec 16 09:51:57 2024
Quartus Prime Version 23.1std.1 Build 993 05/14/2024 SC Standard Edition


---------------------
; Table of Contents ;
---------------------
  1. Legal Notice
  2. Analysis & Synthesis Summary
  3. Analysis & Synthesis Settings
  4. Parallel Compilation
  5. Analysis & Synthesis Source Files Read
  6. Analysis & Synthesis Resource Usage Summary
  7. Analysis & Synthesis Resource Utilization by Entity
  8. Registers Removed During Synthesis
  9. Removed Registers Triggering Further Register Optimizations
 10. General Register Statistics
 11. Inverted Register Statistics
 12. Parameter Settings for User Entity Instance: noise_gen:noise|random:ran1
 13. Post-Synthesis Netlist Statistics for Top Partition
 14. Elapsed Time Per Partition
 15. Analysis & Synthesis Messages



----------------
; Legal Notice ;
----------------
Copyright (C) 2024  Intel Corporation. All rights reserved.
Your use of Intel Corporation's design tools, logic functions 
and other software and tools, and any partner logic 
functions, and any output files from any of the foregoing 
(including device programming or simulation files), and any 
associated documentation or information are expressly subject 
to the terms and conditions of the Intel Program License 
Subscription Agreement, the Intel Quartus Prime License Agreement,
the Intel FPGA IP License Agreement, or other applicable license
agreement, including, without limitation, that your use is for
the sole purpose of programming logic devices manufactured by
Intel and sold by Intel or its authorized distributors.  Please
refer to the applicable agreement for further details, at
https://fpgasoftware.intel.com/eula.



+-----------------------------------------------------------------------------------------+
; Analysis & Synthesis Summary                                                            ;
+------------------------------------+----------------------------------------------------+
; Analysis & Synthesis Status        ; Successful - Mon Dec 16 09:51:57 2024              ;
; Quartus Prime Version              ; 23.1std.1 Build 993 05/14/2024 SC Standard Edition ;
; Revision Name                      ; drummer                                            ;
; Top-level Entity Name              ; drummer                                            ;
; Family                             ; MAX 10                                             ;
; Total logic elements               ; 1                                                  ;
;     Total combinational functions  ; 0                                                  ;
;     Dedicated logic registers      ; 1                                                  ;
; Total registers                    ; 1                                                  ;
; Total pins                         ; 47                                                 ;
; Total virtual pins                 ; 0                                                  ;
; Total memory bits                  ; 0                                                  ;
; Embedded Multiplier 9-bit elements ; 0                                                  ;
; Total PLLs                         ; 0                                                  ;
; UFM blocks                         ; 0                                                  ;
; ADC blocks                         ; 0                                                  ;
+------------------------------------+----------------------------------------------------+


+------------------------------------------------------------------------------------------------------------+
; Analysis & Synthesis Settings                                                                              ;
+------------------------------------------------------------------+--------------------+--------------------+
; Option                                                           ; Setting            ; Default Value      ;
+------------------------------------------------------------------+--------------------+--------------------+
; Device                                                           ; 10M50DAF484C7G     ;                    ;
; Top-level entity name                                            ; drummer            ; drummer            ;
; Family name                                                      ; MAX 10             ; Cyclone V          ;
; Use smart compilation                                            ; Off                ; Off                ;
; Enable parallel Assembler and Timing Analyzer during compilation ; On                 ; On                 ;
; Enable compact report table                                      ; Off                ; Off                ;
; Restructure Multiplexers                                         ; Auto               ; Auto               ;
; Create Debugging Nodes for IP Cores                              ; Off                ; Off                ;
; Preserve fewer node names                                        ; On                 ; On                 ;
; Intel FPGA IP Evaluation Mode                                    ; Enable             ; Enable             ;
; Verilog Version                                                  ; Verilog_2001       ; Verilog_2001       ;
; VHDL Version                                                     ; VHDL_1993          ; VHDL_1993          ;
; State Machine Processing                                         ; Auto               ; Auto               ;
; Safe State Machine                                               ; Off                ; Off                ;
; Extract Verilog State Machines                                   ; On                 ; On                 ;
; Extract VHDL State Machines                                      ; On                 ; On                 ;
; Ignore Verilog initial constructs                                ; Off                ; Off                ;
; Iteration limit for constant Verilog loops                       ; 5000               ; 5000               ;
; Iteration limit for non-constant Verilog loops                   ; 250                ; 250                ;
; Add Pass-Through Logic to Inferred RAMs                          ; On                 ; On                 ;
; Infer RAMs from Raw Logic                                        ; On                 ; On                 ;
; Parallel Synthesis                                               ; On                 ; On                 ;
; DSP Block Balancing                                              ; Auto               ; Auto               ;
; NOT Gate Push-Back                                               ; On                 ; On                 ;
; Power-Up Don't Care                                              ; On                 ; On                 ;
; Remove Redundant Logic Cells                                     ; Off                ; Off                ;
; Remove Duplicate Registers                                       ; On                 ; On                 ;
; Ignore CARRY Buffers                                             ; Off                ; Off                ;
; Ignore CASCADE Buffers                                           ; Off                ; Off                ;
; Ignore GLOBAL Buffers                                            ; Off                ; Off                ;
; Ignore ROW GLOBAL Buffers                                        ; Off                ; Off                ;
; Ignore LCELL Buffers                                             ; Off                ; Off                ;
; Ignore SOFT Buffers                                              ; On                 ; On                 ;
; Limit AHDL Integers to 32 Bits                                   ; Off                ; Off                ;
; Optimization Technique                                           ; Balanced           ; Balanced           ;
; Carry Chain Length                                               ; 70                 ; 70                 ;
; Auto Carry Chains                                                ; On                 ; On                 ;
; Auto Open-Drain Pins                                             ; On                 ; On                 ;
; Perform WYSIWYG Primitive Resynthesis                            ; Off                ; Off                ;
; Auto ROM Replacement                                             ; On                 ; On                 ;
; Auto RAM Replacement                                             ; On                 ; On                 ;
; Auto DSP Block Replacement                                       ; On                 ; On                 ;
; Auto Shift Register Replacement                                  ; Auto               ; Auto               ;
; Allow Shift Register Merging across Hierarchies                  ; Auto               ; Auto               ;
; Auto Clock Enable Replacement                                    ; On                 ; On                 ;
; Strict RAM Replacement                                           ; Off                ; Off                ;
; Allow Synchronous Control Signals                                ; On                 ; On                 ;
; Force Use of Synchronous Clear Signals                           ; Off                ; Off                ;
; Auto RAM Block Balancing                                         ; On                 ; On                 ;
; Auto RAM to Logic Cell Conversion                                ; Off                ; Off                ;
; Auto Resource Sharing                                            ; Off                ; Off                ;
; Allow Any RAM Size For Recognition                               ; Off                ; Off                ;
; Allow Any ROM Size For Recognition                               ; Off                ; Off                ;
; Allow Any Shift Register Size For Recognition                    ; Off                ; Off                ;
; Use LogicLock Constraints during Resource Balancing              ; On                 ; On                 ;
; Ignore translate_off and synthesis_off directives                ; Off                ; Off                ;
; Timing-Driven Synthesis                                          ; On                 ; On                 ;
; Report Parameter Settings                                        ; On                 ; On                 ;
; Report Source Assignments                                        ; On                 ; On                 ;
; Report Connectivity Checks                                       ; On                 ; On                 ;
; Ignore Maximum Fan-Out Assignments                               ; Off                ; Off                ;
; Synchronization Register Chain Length                            ; 2                  ; 2                  ;
; Power Optimization During Synthesis                              ; Normal compilation ; Normal compilation ;
; HDL message level                                                ; Level2             ; Level2             ;
; Suppress Register Optimization Related Messages                  ; Off                ; Off                ;
; Number of Removed Registers Reported in Synthesis Report         ; 5000               ; 5000               ;
; Number of Swept Nodes Reported in Synthesis Report               ; 5000               ; 5000               ;
; Number of Inverted Registers Reported in Synthesis Report        ; 100                ; 100                ;
; Clock MUX Protection                                             ; On                 ; On                 ;
; Auto Gated Clock Conversion                                      ; Off                ; Off                ;
; Block Design Naming                                              ; Auto               ; Auto               ;
; SDC constraint protection                                        ; Off                ; Off                ;
; Synthesis Effort                                                 ; Auto               ; Auto               ;
; Shift Register Replacement - Allow Asynchronous Clear Signal     ; On                 ; On                 ;
; Pre-Mapping Resynthesis Optimization                             ; Off                ; Off                ;
; Analysis & Synthesis Message Level                               ; Medium             ; Medium             ;
; Disable Register Merging Across Hierarchies                      ; Auto               ; Auto               ;
; Resource Aware Inference For Block RAM                           ; On                 ; On                 ;
+------------------------------------------------------------------+--------------------+--------------------+


+------------------------------------------+
; Parallel Compilation                     ;
+----------------------------+-------------+
; Processors                 ; Number      ;
+----------------------------+-------------+
; Number detected on machine ; 6           ;
; Maximum allowed            ; 6           ;
;                            ;             ;
; Average used               ; 1.00        ;
; Maximum used               ; 1           ;
;                            ;             ;
; Usage by Processor         ; % Time Used ;
;     Processor 1            ; 100.0%      ;
+----------------------------+-------------+


+-----------------------------------------------------------------------------------------------------------------------------------------------------------+
; Analysis & Synthesis Source Files Read                                                                                                                    ;
+----------------------------------+-----------------+------------------------------+-------------------------------------------------------------+---------+
; File Name with User-Entered Path ; Used in Netlist ; File Type                    ; File Name with Absolute Path                                ; Library ;
+----------------------------------+-----------------+------------------------------+-------------------------------------------------------------+---------+
; drummer.sv                       ; yes             ; User SystemVerilog HDL File  ; X:/Documents/GitHub/drummer/drummer/main_drummer/drummer.sv ;         ;
+----------------------------------+-----------------+------------------------------+-------------------------------------------------------------+---------+


+--------------------------------------------------------------------------------+
; Analysis & Synthesis Resource Usage Summary                                    ;
+---------------------------------------------+----------------------------------+
; Resource                                    ; Usage                            ;
+---------------------------------------------+----------------------------------+
; Estimated Total logic elements              ; 1                                ;
;                                             ;                                  ;
; Total combinational functions               ; 0                                ;
; Logic element usage by number of LUT inputs ;                                  ;
;     -- 4 input functions                    ; 0                                ;
;     -- 3 input functions                    ; 0                                ;
;     -- <=2 input functions                  ; 0                                ;
;                                             ;                                  ;
; Logic elements by mode                      ;                                  ;
;     -- normal mode                          ; 0                                ;
;     -- arithmetic mode                      ; 0                                ;
;                                             ;                                  ;
; Total registers                             ; 1                                ;
;     -- Dedicated logic registers            ; 1                                ;
;     -- I/O registers                        ; 0                                ;
;                                             ;                                  ;
; I/O pins                                    ; 47                               ;
;                                             ;                                  ;
; Embedded Multiplier 9-bit elements          ; 0                                ;
;                                             ;                                  ;
; Maximum fan-out node                        ; noise_gen:noise|random:ran1|q[0] ;
; Maximum fan-out                             ; 5                                ;
; Total fan-out                               ; 54                               ;
; Average fan-out                             ; 0.57                             ;
+---------------------------------------------+----------------------------------+


+-----------------------------------------------------------------------------------------------------------------------------------------------------------------------------------------------------------------------------------------------------+
; Analysis & Synthesis Resource Utilization by Entity                                                                                                                                                                                                 ;
+----------------------------+---------------------+---------------------------+-------------+------------+--------------+---------+-----------+------+--------------+------------+--------------------------------------+-------------+--------------+
; Compilation Hierarchy Node ; Combinational ALUTs ; Dedicated Logic Registers ; Memory Bits ; UFM Blocks ; DSP Elements ; DSP 9x9 ; DSP 18x18 ; Pins ; Virtual Pins ; ADC blocks ; Full Hierarchy Name                  ; Entity Name ; Library Name ;
+----------------------------+---------------------+---------------------------+-------------+------------+--------------+---------+-----------+------+--------------+------------+--------------------------------------+-------------+--------------+
; |drummer                   ; 0 (0)               ; 1 (0)                     ; 0           ; 0          ; 0            ; 0       ; 0         ; 47   ; 0            ; 0          ; |drummer                             ; drummer     ; work         ;
;    |noise_gen:noise|       ; 0 (0)               ; 1 (0)                     ; 0           ; 0          ; 0            ; 0       ; 0         ; 0    ; 0            ; 0          ; |drummer|noise_gen:noise             ; noise_gen   ; work         ;
;       |random:ran1|        ; 0 (0)               ; 1 (1)                     ; 0           ; 0          ; 0            ; 0       ; 0         ; 0    ; 0            ; 0          ; |drummer|noise_gen:noise|random:ran1 ; random      ; work         ;
+----------------------------+---------------------+---------------------------+-------------+------------+--------------+---------+-----------+------+--------------+------------+--------------------------------------+-------------+--------------+
Note: For table entries with two numbers listed, the numbers in parentheses indicate the number of resources of the given type used by the specific entity alone. The numbers listed outside of parentheses indicate the total resources of the given type used by the specific entity and all of its sub-entities in the hierarchy.


+-----------------------------------------------------------------------------------+
; Registers Removed During Synthesis                                                ;
+--------------------------------------------+--------------------------------------+
; Register name                              ; Reason for Removal                   ;
+--------------------------------------------+--------------------------------------+
; sine_gen:sine|clkDivider:clkM|outReg       ; Stuck at GND due to stuck port clock ;
; sine_gen:sine|clkDivider:clkM|count[0..31] ; Stuck at GND due to stuck port clock ;
; sine_gen:sine|out[7]                       ; Stuck at GND due to stuck port clock ;
; sine_gen:sine|state[1..7]                  ; Stuck at GND due to stuck port clock ;
; sine_gen:sine|out[0..6]                    ; Stuck at GND due to stuck port clock ;
; sine_gen:sine|state[0]                     ; Stuck at GND due to stuck port clock ;
; Total Number of Removed Registers = 49     ;                                      ;
+--------------------------------------------+--------------------------------------+


+----------------------------------------------------------------------------------------------------------------------------------------------------------+
; Removed Registers Triggering Further Register Optimizations                                                                                              ;
+--------------------------------------+-------------------------+-----------------------------------------------------------------------------------------+
; Register name                        ; Reason for Removal      ; Registers Removed due to This Register                                                  ;
+--------------------------------------+-------------------------+-----------------------------------------------------------------------------------------+
; sine_gen:sine|clkDivider:clkM|outReg ; Stuck at GND            ; sine_gen:sine|out[7], sine_gen:sine|state[7], sine_gen:sine|state[6],                   ;
;                                      ; due to stuck port clock ; sine_gen:sine|state[5], sine_gen:sine|state[4], sine_gen:sine|state[3],                 ;
;                                      ;                         ; sine_gen:sine|state[2], sine_gen:sine|state[1], sine_gen:sine|out[6],                   ;
;                                      ;                         ; sine_gen:sine|out[5], sine_gen:sine|out[4], sine_gen:sine|out[3], sine_gen:sine|out[2], ;
;                                      ;                         ; sine_gen:sine|out[1], sine_gen:sine|out[0], sine_gen:sine|state[0]                      ;
+--------------------------------------+-------------------------+-----------------------------------------------------------------------------------------+


+------------------------------------------------------+
; General Register Statistics                          ;
+----------------------------------------------+-------+
; Statistic                                    ; Value ;
+----------------------------------------------+-------+
; Total registers                              ; 1     ;
; Number of registers using Synchronous Clear  ; 0     ;
; Number of registers using Synchronous Load   ; 0     ;
; Number of registers using Asynchronous Clear ; 1     ;
; Number of registers using Asynchronous Load  ; 0     ;
; Number of registers using Clock Enable       ; 0     ;
; Number of registers using Preset             ; 0     ;
+----------------------------------------------+-------+


+--------------------------------------------------+
; Inverted Register Statistics                     ;
+----------------------------------------+---------+
; Inverted Register                      ; Fan out ;
+----------------------------------------+---------+
; noise_gen:noise|random:ran1|q[0]       ; 5       ;
; Total number of inverted registers = 1 ;         ;
+----------------------------------------+---------+


+--------------------------------------------------------------------------+
; Parameter Settings for User Entity Instance: noise_gen:noise|random:ran1 ;
+----------------+-------+-------------------------------------------------+
; Parameter Name ; Value ; Type                                            ;
+----------------+-------+-------------------------------------------------+
; WIDTH          ; 5     ; Signed Integer                                  ;
+----------------+-------+-------------------------------------------------+
Note: In order to hide this table in the UI and the text report file, please set the "Show Parameter Settings in Synthesis Report" option in "Analysis and Synthesis Settings -> More Settings" to "Off".


+-----------------------------------------------------+
; Post-Synthesis Netlist Statistics for Top Partition ;
+-----------------------+-----------------------------+
; Type                  ; Count                       ;
+-----------------------+-----------------------------+
; boundary_port         ; 47                          ;
; cycloneiii_ff         ; 1                           ;
;     CLR               ; 1                           ;
; cycloneiii_lcell_comb ; 2                           ;
;     normal            ; 2                           ;
;         0 data inputs ; 1                           ;
;         1 data inputs ; 1                           ;
;                       ;                             ;
; Max LUT depth         ; 1.00                        ;
; Average LUT depth     ; 0.40                        ;
+-----------------------+-----------------------------+


+-------------------------------+
; Elapsed Time Per Partition    ;
+----------------+--------------+
; Partition Name ; Elapsed Time ;
+----------------+--------------+
; Top            ; 00:00:00     ;
+----------------+--------------+


+-------------------------------+
; Analysis & Synthesis Messages ;
+-------------------------------+
Info: *******************************************************************
Info: Running Quartus Prime Analysis & Synthesis
    Info: Version 23.1std.1 Build 993 05/14/2024 SC Standard Edition
    Info: Processing started: Mon Dec 16 09:51:46 2024
Info: Command: quartus_map --read_settings_files=on --write_settings_files=off drummer -c drummer
Warning (18236): Number of processors has not been specified which may cause overloading on shared machines.  Set the global assignment NUM_PARALLEL_PROCESSORS in your QSF to an appropriate value for best performance.
Info (20030): Parallel compilation is enabled and will use 6 of the 6 processors detected
Info (12021): Found 5 design units, including 5 entities, in source file drummer.sv
    Info (12023): Found entity 1: drummer File: X:/Documents/GitHub/drummer/drummer/main_drummer/drummer.sv Line: 1
    Info (12023): Found entity 2: noise_gen File: X:/Documents/GitHub/drummer/drummer/main_drummer/drummer.sv Line: 27
    Info (12023): Found entity 3: random File: X:/Documents/GitHub/drummer/drummer/main_drummer/drummer.sv Line: 58
    Info (12023): Found entity 4: sine_gen File: X:/Documents/GitHub/drummer/drummer/main_drummer/drummer.sv Line: 86
    Info (12023): Found entity 5: clkDivider File: X:/Documents/GitHub/drummer/drummer/main_drummer/drummer.sv Line: 155
Warning (10236): Verilog HDL Implicit Net warning at drummer.sv(95): created implicit net for "MAX10_CLK1_50" File: X:/Documents/GitHub/drummer/drummer/main_drummer/drummer.sv Line: 95
Warning (10227): Verilog HDL Port Declaration warning at drummer.sv(63): data type declaration for "q" declares packed dimensions but the port declaration declaration does not File: X:/Documents/GitHub/drummer/drummer/main_drummer/drummer.sv Line: 63
Info (10499): HDL info at drummer.sv(61): see declaration for object "q" File: X:/Documents/GitHub/drummer/drummer/main_drummer/drummer.sv Line: 61
Info (12127): Elaborating entity "drummer" for the top level hierarchy
Warning (10034): Output port "GPIO[35..8]" at drummer.sv(5) has no driver File: X:/Documents/GitHub/drummer/drummer/main_drummer/drummer.sv Line: 5
Info (12128): Elaborating entity "sine_gen" for hierarchy "sine_gen:sine" File: X:/Documents/GitHub/drummer/drummer/main_drummer/drummer.sv Line: 15
Warning (10230): Verilog HDL assignment warning at drummer.sv(104): truncated value with size 32 to match size of target (8) File: X:/Documents/GitHub/drummer/drummer/main_drummer/drummer.sv Line: 104
Info (12128): Elaborating entity "clkDivider" for hierarchy "sine_gen:sine|clkDivider:clkM" File: X:/Documents/GitHub/drummer/drummer/main_drummer/drummer.sv Line: 95
Info (12128): Elaborating entity "noise_gen" for hierarchy "noise_gen:noise" File: X:/Documents/GitHub/drummer/drummer/main_drummer/drummer.sv Line: 21
Info (12128): Elaborating entity "random" for hierarchy "noise_gen:noise|random:ran1" File: X:/Documents/GitHub/drummer/drummer/main_drummer/drummer.sv Line: 35
Critical Warning (10237): Verilog HDL warning at drummer.sv(77): can't infer register for assignment in edge-triggered always construct because the clock isn't obvious. Generated combinational logic instead File: X:/Documents/GitHub/drummer/drummer/main_drummer/drummer.sv Line: 77
Info (13000): Registers with preset signals will power-up high File: X:/Documents/GitHub/drummer/drummer/main_drummer/drummer.sv Line: 76
Info (13003): DEV_CLRn pin will set, and not reset, register with preset signal due to NOT Gate Push-Back
Warning (13024): Output pins are stuck at VCC or GND
    Warning (13410): Pin "GPIO[5]" is stuck at GND File: X:/Documents/GitHub/drummer/drummer/main_drummer/drummer.sv Line: 5
    Warning (13410): Pin "GPIO[6]" is stuck at GND File: X:/Documents/GitHub/drummer/drummer/main_drummer/drummer.sv Line: 5
    Warning (13410): Pin "GPIO[7]" is stuck at GND File: X:/Documents/GitHub/drummer/drummer/main_drummer/drummer.sv Line: 5
    Warning (13410): Pin "GPIO[8]" is stuck at GND File: X:/Documents/GitHub/drummer/drummer/main_drummer/drummer.sv Line: 5
    Warning (13410): Pin "GPIO[9]" is stuck at GND File: X:/Documents/GitHub/drummer/drummer/main_drummer/drummer.sv Line: 5
    Warning (13410): Pin "GPIO[10]" is stuck at GND File: X:/Documents/GitHub/drummer/drummer/main_drummer/drummer.sv Line: 5
    Warning (13410): Pin "GPIO[11]" is stuck at GND File: X:/Documents/GitHub/drummer/drummer/main_drummer/drummer.sv Line: 5
    Warning (13410): Pin "GPIO[12]" is stuck at GND File: X:/Documents/GitHub/drummer/drummer/main_drummer/drummer.sv Line: 5
    Warning (13410): Pin "GPIO[13]" is stuck at GND File: X:/Documents/GitHub/drummer/drummer/main_drummer/drummer.sv Line: 5
    Warning (13410): Pin "GPIO[14]" is stuck at GND File: X:/Documents/GitHub/drummer/drummer/main_drummer/drummer.sv Line: 5
    Warning (13410): Pin "GPIO[15]" is stuck at GND File: X:/Documents/GitHub/drummer/drummer/main_drummer/drummer.sv Line: 5
    Warning (13410): Pin "GPIO[16]" is stuck at GND File: X:/Documents/GitHub/drummer/drummer/main_drummer/drummer.sv Line: 5
    Warning (13410): Pin "GPIO[17]" is stuck at GND File: X:/Documents/GitHub/drummer/drummer/main_drummer/drummer.sv Line: 5
    Warning (13410): Pin "GPIO[18]" is stuck at GND File: X:/Documents/GitHub/drummer/drummer/main_drummer/drummer.sv Line: 5
    Warning (13410): Pin "GPIO[19]" is stuck at GND File: X:/Documents/GitHub/drummer/drummer/main_drummer/drummer.sv Line: 5
    Warning (13410): Pin "GPIO[20]" is stuck at GND File: X:/Documents/GitHub/drummer/drummer/main_drummer/drummer.sv Line: 5
    Warning (13410): Pin "GPIO[21]" is stuck at GND File: X:/Documents/GitHub/drummer/drummer/main_drummer/drummer.sv Line: 5
    Warning (13410): Pin "GPIO[22]" is stuck at GND File: X:/Documents/GitHub/drummer/drummer/main_drummer/drummer.sv Line: 5
    Warning (13410): Pin "GPIO[23]" is stuck at GND File: X:/Documents/GitHub/drummer/drummer/main_drummer/drummer.sv Line: 5
    Warning (13410): Pin "GPIO[24]" is stuck at GND File: X:/Documents/GitHub/drummer/drummer/main_drummer/drummer.sv Line: 5
    Warning (13410): Pin "GPIO[25]" is stuck at GND File: X:/Documents/GitHub/drummer/drummer/main_drummer/drummer.sv Line: 5
    Warning (13410): Pin "GPIO[26]" is stuck at GND File: X:/Documents/GitHub/drummer/drummer/main_drummer/drummer.sv Line: 5
    Warning (13410): Pin "GPIO[27]" is stuck at GND File: X:/Documents/GitHub/drummer/drummer/main_drummer/drummer.sv Line: 5
    Warning (13410): Pin "GPIO[28]" is stuck at GND File: X:/Documents/GitHub/drummer/drummer/main_drummer/drummer.sv Line: 5
    Warning (13410): Pin "GPIO[29]" is stuck at GND File: X:/Documents/GitHub/drummer/drummer/main_drummer/drummer.sv Line: 5
    Warning (13410): Pin "GPIO[30]" is stuck at GND File: X:/Documents/GitHub/drummer/drummer/main_drummer/drummer.sv Line: 5
    Warning (13410): Pin "GPIO[31]" is stuck at GND File: X:/Documents/GitHub/drummer/drummer/main_drummer/drummer.sv Line: 5
    Warning (13410): Pin "GPIO[32]" is stuck at GND File: X:/Documents/GitHub/drummer/drummer/main_drummer/drummer.sv Line: 5
    Warning (13410): Pin "GPIO[33]" is stuck at GND File: X:/Documents/GitHub/drummer/drummer/main_drummer/drummer.sv Line: 5
    Warning (13410): Pin "GPIO[34]" is stuck at GND File: X:/Documents/GitHub/drummer/drummer/main_drummer/drummer.sv Line: 5
    Warning (13410): Pin "GPIO[35]" is stuck at GND File: X:/Documents/GitHub/drummer/drummer/main_drummer/drummer.sv Line: 5
Info (286030): Timing-Driven Synthesis is running
Info (16010): Generating hard_block partition "hard_block:auto_generated_inst"
    Info (16011): Adding 0 node(s), including 0 DDIO, 0 PLL, 0 transceiver and 0 LCELL
Warning (21074): Design contains 9 input pin(s) that do not drive logic
    Warning (15610): No output dependent on input pin "SW[1]" File: X:/Documents/GitHub/drummer/drummer/main_drummer/drummer.sv Line: 2
    Warning (15610): No output dependent on input pin "SW[2]" File: X:/Documents/GitHub/drummer/drummer/main_drummer/drummer.sv Line: 2
    Warning (15610): No output dependent on input pin "SW[3]" File: X:/Documents/GitHub/drummer/drummer/main_drummer/drummer.sv Line: 2
    Warning (15610): No output dependent on input pin "SW[4]" File: X:/Documents/GitHub/drummer/drummer/main_drummer/drummer.sv Line: 2
    Warning (15610): No output dependent on input pin "SW[5]" File: X:/Documents/GitHub/drummer/drummer/main_drummer/drummer.sv Line: 2
    Warning (15610): No output dependent on input pin "SW[6]" File: X:/Documents/GitHub/drummer/drummer/main_drummer/drummer.sv Line: 2
    Warning (15610): No output dependent on input pin "SW[7]" File: X:/Documents/GitHub/drummer/drummer/main_drummer/drummer.sv Line: 2
    Warning (15610): No output dependent on input pin "SW[8]" File: X:/Documents/GitHub/drummer/drummer/main_drummer/drummer.sv Line: 2
    Warning (15610): No output dependent on input pin "SW[9]" File: X:/Documents/GitHub/drummer/drummer/main_drummer/drummer.sv Line: 2
Info (21057): Implemented 48 device resources after synthesis - the final resource count might be different
    Info (21058): Implemented 11 input pins
    Info (21059): Implemented 36 output pins
    Info (21061): Implemented 1 logic cells
Info: Quartus Prime Analysis & Synthesis was successful. 0 errors, 48 warnings
    Info: Peak virtual memory: 4772 megabytes
    Info: Processing ended: Mon Dec 16 09:51:57 2024
    Info: Elapsed time: 00:00:11
    Info: Total CPU time (on all processors): 00:00:11


